# JRE version: Java(TM) SE Runtime Environment (22.0.2+9) (build 22.0.2+9-70)
# Java VM: Java HotSpot(TM) 64-Bit Server VM (22.0.2+9-70, mixed mode, sharing, tiered, compressed oops, compressed class ptrs, g1 gc, windows-amd64)
GC Precious Log:
 CardTable entry size: 512
 Card Set container configuration: InlinePtr #cards 4 size 8 Array Of Cards #cards 16 size 48 Howl #buckets 8 coarsen threshold 3686 Howl Bitmap #cards 512 size 80 coarsen threshold 460 Card regions per heap region 1 cards per card region 4096
 CPUs: 16 total, 16 available
 Memory: 16088M
 Large Page Support: Disabled
 NUMA Support: Disabled
 Compressed Oops: Enabled (Zero based)
 Heap Region Size: 2M
 Heap Min Capacity: 8M
 Heap Initial Capacity: 252M
 Heap Max Capacity: 4024M
 Pre-touch: Disabled
 Parallel Workers: 13
 Concurrent Workers: 3
 Concurrent Refinement Workers: 13
 Periodic GC: Disabled
Heap:
 garbage-first heap   total reserved 4120576K, committed 159744K, used 47282K [0x0000000704800000, 0x0000000800000000)
  region size 2048K, 11 young (22528K), 1 survivors (2048K)
 Metaspace       used 35858K, committed 36288K, reserved 1114112K
  class space    used 4601K, committed 4800K, reserved 1048576K
GC Heap History (16 events):
Event: 0.572 GC heap before
{Heap before GC invocations=0 (full 0):
 garbage-first heap   total reserved 4120576K, committed 258048K, used 22528K [0x0000000704800000, 0x0000000800000000)
  region size 2048K, 12 young (24576K), 0 survivors (0K)
 Metaspace       used 8392K, committed 8704K, reserved 1114112K
  class space    used 928K, committed 1088K, reserved 1048576K
}
Event: 0.577 GC heap after
{Heap after GC invocations=1 (full 0):
 garbage-first heap   total reserved 4120576K, committed 258048K, used 4355K [0x0000000704800000, 0x0000000800000000)
  region size 2048K, 2 young (4096K), 2 survivors (4096K)
 Metaspace       used 8392K, committed 8704K, reserved 1114112K
  class space    used 928K, committed 1088K, reserved 1048576K
}
Event: 1.318 GC heap before
{Heap before GC invocations=1 (full 0):
 garbage-first heap   total reserved 4120576K, committed 258048K, used 39171K [0x0000000704800000, 0x0000000800000000)
  region size 2048K, 20 young (40960K), 2 survivors (4096K)
 Metaspace       used 18487K, committed 18816K, reserved 1114112K
  class space    used 1899K, committed 2048K, reserved 1048576K
}
Event: 1.323 GC heap after
{Heap after GC invocations=2 (full 0):
 garbage-first heap   total reserved 4120576K, committed 258048K, used 8404K [0x0000000704800000, 0x0000000800000000)
  region size 2048K, 2 young (4096K), 2 survivors (4096K)
 Metaspace       used 18487K, committed 18816K, reserved 1114112K
  class space    used 1899K, committed 2048K, reserved 1048576K
}
Event: 1.429 GC heap before
{Heap before GC invocations=2 (full 0):
 garbage-first heap   total reserved 4120576K, committed 258048K, used 12500K [0x0000000704800000, 0x0000000800000000)
  region size 2048K, 5 young (10240K), 2 survivors (4096K)
 Metaspace       used 21168K, committed 21504K, reserved 1114112K
  class space    used 2237K, committed 2368K, reserved 1048576K
}
Event: 1.432 GC heap after
{Heap after GC invocations=3 (full 0):
 garbage-first heap   total reserved 4120576K, committed 258048K, used 9771K [0x0000000704800000, 0x0000000800000000)
  region size 2048K, 3 young (6144K), 3 survivors (6144K)
 Metaspace       used 21168K, committed 21504K, reserved 1114112K
  class space    used 2237K, committed 2368K, reserved 1048576K
}
Event: 1.903 GC heap before
{Heap before GC invocations=4 (full 0):
 garbage-first heap   total reserved 4120576K, committed 40960K, used 36395K [0x0000000704800000, 0x0000000800000000)
  region size 2048K, 17 young (34816K), 3 survivors (6144K)
 Metaspace       used 28422K, committed 28864K, reserved 1114112K
  class space    used 3530K, committed 3712K, reserved 1048576K
}
Event: 1.908 GC heap after
{Heap after GC invocations=5 (full 0):
 garbage-first heap   total reserved 4120576K, committed 51200K, used 13320K [0x0000000704800000, 0x0000000800000000)
  region size 2048K, 5 young (10240K), 5 survivors (10240K)
 Metaspace       used 28422K, committed 28864K, reserved 1114112K
  class space    used 3530K, committed 3712K, reserved 1048576K
}
Event: 2.328 GC heap before
{Heap before GC invocations=5 (full 0):
 garbage-first heap   total reserved 4120576K, committed 51200K, used 31752K [0x0000000704800000, 0x0000000800000000)
  region size 2048K, 15 young (30720K), 5 survivors (10240K)
 Metaspace       used 31233K, committed 31680K, reserved 1114112K
  class space    used 4119K, committed 4288K, reserved 1048576K
}
Event: 2.334 GC heap after
{Heap after GC invocations=6 (full 0):
 garbage-first heap   total reserved 4120576K, committed 51200K, used 16338K [0x0000000704800000, 0x0000000800000000)
  region size 2048K, 2 young (4096K), 2 survivors (4096K)
 Metaspace       used 31233K, committed 31680K, reserved 1114112K
  class space    used 4119K, committed 4288K, reserved 1048576K
}
Event: 3.977 GC heap before
{Heap before GC invocations=6 (full 0):
 garbage-first heap   total reserved 4120576K, committed 51200K, used 36818K [0x0000000704800000, 0x0000000800000000)
  region size 2048K, 12 young (24576K), 2 survivors (4096K)
 Metaspace       used 33109K, committed 33536K, reserved 1114112K
  class space    used 4357K, committed 4544K, reserved 1048576K
}
Event: 3.981 GC heap after
{Heap after GC invocations=7 (full 0):
 garbage-first heap   total reserved 4120576K, committed 51200K, used 24890K [0x0000000704800000, 0x0000000800000000)
  region size 2048K, 2 young (4096K), 2 survivors (4096K)
 Metaspace       used 33109K, committed 33536K, reserved 1114112K
  class space    used 4357K, committed 4544K, reserved 1048576K
}
Event: 3.989 GC heap before
{Heap before GC invocations=7 (full 0):
 garbage-first heap   total reserved 4120576K, committed 51200K, used 24890K [0x0000000704800000, 0x0000000800000000)
  region size 2048K, 3 young (6144K), 2 survivors (4096K)
 Metaspace       used 33137K, committed 33600K, reserved 1114112K
  class space    used 4360K, committed 4544K, reserved 1048576K
}
Event: 3.991 GC heap after
{Heap after GC invocations=8 (full 0):
 garbage-first heap   total reserved 4120576K, committed 51200K, used 26553K [0x0000000704800000, 0x0000000800000000)
  region size 2048K, 1 young (2048K), 1 survivors (2048K)
 Metaspace       used 33137K, committed 33600K, reserved 1114112K
  class space    used 4360K, committed 4544K, reserved 1048576K
}
Event: 4.189 GC heap before
{Heap before GC invocations=9 (full 0):
 garbage-first heap   total reserved 4120576K, committed 61440K, used 49081K [0x0000000704800000, 0x0000000800000000)
  region size 2048K, 6 young (12288K), 1 survivors (2048K)
 Metaspace       used 33758K, committed 34240K, reserved 1114112K
  class space    used 4455K, committed 4672K, reserved 1048576K
}
Event: 4.193 GC heap after
{Heap after GC invocations=10 (full 0):
 garbage-first heap   total reserved 4120576K, committed 159744K, used 28850K [0x0000000704800000, 0x0000000800000000)
  region size 2048K, 1 young (2048K), 1 survivors (2048K)
 Metaspace       used 33758K, committed 34240K, reserved 1114112K
  class space    used 4455K, committed 4672K, reserved 1048576K
}

